<!doctype html>
<html lang="en">
<head>
<meta charset="utf-8">
<meta name="viewport" content="width=device-width, initial-scale=1, minimum-scale=1" />
<meta name="generator" content="pdoc 0.10.0" />
<title>tests.test_generator API documentation</title>
<meta name="description" content="" />
<link rel="preload stylesheet" as="style" href="https://cdnjs.cloudflare.com/ajax/libs/10up-sanitize.css/11.0.1/sanitize.min.css" integrity="sha256-PK9q560IAAa6WVRRh76LtCaI8pjTJ2z11v0miyNNjrs=" crossorigin>
<link rel="preload stylesheet" as="style" href="https://cdnjs.cloudflare.com/ajax/libs/10up-sanitize.css/11.0.1/typography.min.css" integrity="sha256-7l/o7C8jubJiy74VsKTidCy1yBkRtiUGbVkYBylBqUg=" crossorigin>
<link rel="stylesheet preload" as="style" href="https://cdnjs.cloudflare.com/ajax/libs/highlight.js/10.1.1/styles/github.min.css" crossorigin>
<style>:root{--highlight-color:#fe9}.flex{display:flex !important}body{line-height:1.5em}#content{padding:20px}#sidebar{padding:30px;overflow:hidden}#sidebar > *:last-child{margin-bottom:2cm}.http-server-breadcrumbs{font-size:130%;margin:0 0 15px 0}#footer{font-size:.75em;padding:5px 30px;border-top:1px solid #ddd;text-align:right}#footer p{margin:0 0 0 1em;display:inline-block}#footer p:last-child{margin-right:30px}h1,h2,h3,h4,h5{font-weight:300}h1{font-size:2.5em;line-height:1.1em}h2{font-size:1.75em;margin:1em 0 .50em 0}h3{font-size:1.4em;margin:25px 0 10px 0}h4{margin:0;font-size:105%}h1:target,h2:target,h3:target,h4:target,h5:target,h6:target{background:var(--highlight-color);padding:.2em 0}a{color:#058;text-decoration:none;transition:color .3s ease-in-out}a:hover{color:#e82}.title code{font-weight:bold}h2[id^="header-"]{margin-top:2em}.ident{color:#900}pre code{background:#f8f8f8;font-size:.8em;line-height:1.4em}code{background:#f2f2f1;padding:1px 4px;overflow-wrap:break-word}h1 code{background:transparent}pre{background:#f8f8f8;border:0;border-top:1px solid #ccc;border-bottom:1px solid #ccc;margin:1em 0;padding:1ex}#http-server-module-list{display:flex;flex-flow:column}#http-server-module-list div{display:flex}#http-server-module-list dt{min-width:10%}#http-server-module-list p{margin-top:0}.toc ul,#index{list-style-type:none;margin:0;padding:0}#index code{background:transparent}#index h3{border-bottom:1px solid #ddd}#index ul{padding:0}#index h4{margin-top:.6em;font-weight:bold}@media (min-width:200ex){#index .two-column{column-count:2}}@media (min-width:300ex){#index .two-column{column-count:3}}dl{margin-bottom:2em}dl dl:last-child{margin-bottom:4em}dd{margin:0 0 1em 3em}#header-classes + dl > dd{margin-bottom:3em}dd dd{margin-left:2em}dd p{margin:10px 0}.name{background:#eee;font-weight:bold;font-size:.85em;padding:5px 10px;display:inline-block;min-width:40%}.name:hover{background:#e0e0e0}dt:target .name{background:var(--highlight-color)}.name > span:first-child{white-space:nowrap}.name.class > span:nth-child(2){margin-left:.4em}.inherited{color:#999;border-left:5px solid #eee;padding-left:1em}.inheritance em{font-style:normal;font-weight:bold}.desc h2{font-weight:400;font-size:1.25em}.desc h3{font-size:1em}.desc dt code{background:inherit}.source summary,.git-link-div{color:#666;text-align:right;font-weight:400;font-size:.8em;text-transform:uppercase}.source summary > *{white-space:nowrap;cursor:pointer}.git-link{color:inherit;margin-left:1em}.source pre{max-height:500px;overflow:auto;margin:0}.source pre code{font-size:12px;overflow:visible}.hlist{list-style:none}.hlist li{display:inline}.hlist li:after{content:',\2002'}.hlist li:last-child:after{content:none}.hlist .hlist{display:inline;padding-left:1em}img{max-width:100%}td{padding:0 .5em}.admonition{padding:.1em .5em;margin-bottom:1em}.admonition-title{font-weight:bold}.admonition.note,.admonition.info,.admonition.important{background:#aef}.admonition.todo,.admonition.versionadded,.admonition.tip,.admonition.hint{background:#dfd}.admonition.warning,.admonition.versionchanged,.admonition.deprecated{background:#fd4}.admonition.error,.admonition.danger,.admonition.caution{background:lightpink}</style>
<style media="screen and (min-width: 700px)">@media screen and (min-width:700px){#sidebar{width:30%;height:100vh;overflow:auto;position:sticky;top:0}#content{width:70%;max-width:100ch;padding:3em 4em;border-left:1px solid #ddd}pre code{font-size:1em}.item .name{font-size:1em}main{display:flex;flex-direction:row-reverse;justify-content:flex-end}.toc ul ul,#index ul{padding-left:1.5em}.toc > ul > li{margin-top:.5em}}</style>
<style media="print">@media print{#sidebar h1{page-break-before:always}.source{display:none}}@media print{*{background:transparent !important;color:#000 !important;box-shadow:none !important;text-shadow:none !important}a[href]:after{content:" (" attr(href) ")";font-size:90%}a[href][title]:after{content:none}abbr[title]:after{content:" (" attr(title) ")"}.ir a:after,a[href^="javascript:"]:after,a[href^="#"]:after{content:""}pre,blockquote{border:1px solid #999;page-break-inside:avoid}thead{display:table-header-group}tr,img{page-break-inside:avoid}img{max-width:100% !important}@page{margin:0.5cm}p,h2,h3{orphans:3;widows:3}h1,h2,h3,h4,h5,h6{page-break-after:avoid}}</style>
<script defer src="https://cdnjs.cloudflare.com/ajax/libs/highlight.js/10.1.1/highlight.min.js" integrity="sha256-Uv3H6lx7dJmRfRvH8TH6kJD1TSK1aFcwgx+mdg3epi8=" crossorigin></script>
<script>window.addEventListener('DOMContentLoaded', () => hljs.initHighlighting())</script>
</head>
<body>
<main>
<article id="content">
<header>
<h1 class="title">Module <code>tests.test_generator</code></h1>
</header>
<section id="section-intro">
<details class="source">
<summary>
<span>Expand source code</span>
</summary>
<pre><code class="python">from typing import Generator
import unittest

import importlib.util

import sys
from unittest import result
sys.path.append(&#34;../src/pasta/&#34;)

spec = importlib.util.spec_from_file_location(
    &#34;generator&#34;, &#34;../src/pasta/generator.py&#34;)
generat = importlib.util.module_from_spec(spec)
spec.loader.exec_module(generat)

class TestExtractVars(unittest.TestCase):
    def test_correct(self):
        self.assertCountEqual([&#34;B&#34;,&#34;C&#34;], generat.Generator.extract_vars(&#34;f(a,B,C)&#34;), &#34;Error&#34;)

class TestExpandAbducible(unittest.TestCase):
    def test_correct(self):
        pass

# class TestToProlog(unittest.TestCase):
#     def test_fact(self):
#         line = &#34;fly(1).&#34;
#         res = generat.Generator.to_prolog(line)
#         self.assertEqual(line, res, &#34;Error in test fact&#34;)

#     def test_disjunctive_clause(self):
#         line = &#34;fly(X);nofly(X):- bird(X).&#34;
#         expected = [&#34;fly(X):-bird(X).&#34;,&#34;nofly(X):-bird(X).&#34;]
#         res = generat.Generator.to_prolog(line)
#         self.assertEqual(expected, res, &#34;Error in test disjunctive&#34;)


#     def test_disjunctive_clause_with_single_body_aggregate(self):
#         line = &#34;fly(X);nofly(X):- bird(X), #count{X:fly_a(X),bird_a(X)} = FBA.&#34;
#         expected = [&#34;newGoalInserted0:-fly_a(X),bird_a(X).&#34;,
#                     &#34;fly(X):-bird(X),newGoalInserted0.&#34;,
#                     &#34;nofly(X):-bird(X),newGoalInserted0.&#34;]
#         res = generat.Generator.to_prolog(line)
#         self.assertEqual(expected, res, &#34;Error in test disjunctive single aggregate&#34;)

#     def test_disjunctive_clause_with_two_body_aggregate(self):
#         line = &#34;fly(X);nofly(X):- bird(X), #count{X:fly_a(X),bird_a(X)} = FBA, #count{X:fly_a(X),bird_a(X)} = FBA.&#34;
#         expected = [&#39;newGoalInserted0:-fly_a(X),bird_a(X).&#39;, &#39;newGoalInserted1:-fly_a(X),bird_a(X).&#39;,
#                     &#39;fly(X):-bird(X),newGoalInserted0,newGoalInserted1.&#39;, &#39;nofly(X):-bird(X),newGoalInserted0,newGoalInserted1.&#39;]
#         res = generat.Generator.to_prolog(line)
#         self.assertEqual(expected, res, &#34;Error in test disjunctive two aggregates&#34;)

#     def test_head_aggregate_no_body(self):
#         line = &#34;0{a}1.&#34;
#         expected = [&#39;a.&#39;]
#         res = generat.Generator.to_prolog(line)
#         self.assertEqual(
#             expected, res, &#34;Error in test head aggregate no body&#34;)

#     def test_head_aggregate_with_body(self):
#         line = &#34;0{a}1:- f(a).&#34;
#         expected = [&#39;a:-f(a).&#39;]
#         res = generat.Generator.to_prolog(line)
#         self.assertEqual(
#             expected, res, &#34;Error in test head aggregate with body&#34;)

#     def test_integrity_constraint(self):
#         line = &#34;:- f(a).&#34;
#         expected = [&#39;newGoalInserted0:-f(a).&#39;]
#         res = generat.Generator.to_prolog(line)
#         self.assertEqual(
#             expected, res, &#34;Error in test integrity constraint&#34;)

class TestExpandConditional(unittest.TestCase):
    def test_correct_1(self):
        res = generat.Generator.expand_conditional(
            &#34;(f(X)|h(X))[0.2,1].&#34;)

        self.assertEqual(res[1],&#39;&#39;,&#34;Not empty lower&#34;)

        del res[1]

        res[0] = res[0].replace(&#39; &#39;,&#39;&#39;)
        res[1] = res[1].replace(&#39; &#39;,&#39;&#39;)

        e0 = &#34;f(X);not_f(X):-h(X).&#34;
        e1 = &#34;:-#count{X:f(X)}=H,#count{X:f(X),h(X)}=FH,100*FH&lt;20*H.&#34;

        self.assertCountEqual(res, [e0,e1], &#34;Error&#34;)

    # def test_correct_2(self):
    #     res = generat.Generator.expand_conditional(&#34;(f2(X, Y )|h(Y )r(X, Y ))[0.9,1].&#34;)
    #     expected = [&#34;f2(X,Y) ; not_f2(X,Y) :- h(Y), r(X,Y).&#34;,&#34;:- #count{X:h(X),r(X,_)} = H, #count{Y,X:f2(X,Y),h(Y),r(X,Y)} = FH,10*FH &lt; 9*H.&#34;]

    #     self.assertCountEqual(res, expected, &#34;Error&#34;)

    def test_missing_pipe(self):
        cond = &#34;(f(X) h(X))[0.2,1].&#34;
        cond_escaped = cond.replace(&#39;(&#39;, &#39;\(&#39;).replace(&#39;)&#39;, &#39;\)&#39;).replace(&#39;[&#39;,&#39;\[&#39;).replace(&#39;]&#39;,&#39;\]&#39;)

        self.assertRaisesRegex(
            SystemExit, &#34;Syntax error in conditional: &#34; + cond_escaped, generat.Generator.expand_conditional, cond)

    def test_missing_par(self):
        cond = &#34;(f(X) | h(X)[0.2,1].&#34;
        cond_escaped = cond.replace(&#39;(&#39;, &#39;\(&#39;).replace(&#39;)&#39;, &#39;\)&#39;).replace(
            &#39;[&#39;, &#39;\[&#39;).replace(&#39;]&#39;, &#39;\]&#39;)


        self.assertRaisesRegex(
            SystemExit, &#34;Syntax error in conditional: &#34; + cond_escaped, generat.Generator.expand_conditional, cond)

    def test_missing_range(self):
        cond = &#34;(f(X) | h(X)).&#34;
        cond_escaped = cond.replace(&#39;(&#39;, &#39;\(&#39;).replace(&#39;)&#39;, &#39;\)&#39;).replace(
            &#39;[&#39;, &#39;\[&#39;).replace(&#39;]&#39;, &#39;\]&#39;)


        self.assertRaisesRegex(
            SystemExit, &#34;Missing range in conditional: &#34; + cond_escaped, generat.Generator.expand_conditional, cond)

    def test_unbalanced_range(self):
        cond = &#34;(f(X) | h(X))[0].&#34;
        cond_escaped = cond.replace(&#39;(&#39;, &#39;\(&#39;).replace(&#39;)&#39;, &#39;\)&#39;).replace(
            &#39;[&#39;, &#39;\[&#39;).replace(&#39;]&#39;, &#39;\]&#39;)

        self.assertRaisesRegex(
            SystemExit, &#34;Unbalanced range in conditional: &#34; + cond_escaped, generat.Generator.expand_conditional, cond)

    def test_missing_final_dot(self):
        cond = &#34;(f(X) | h(X))[0]&#34;

        self.assertRaisesRegex(
            SystemExit, &#34;Missing final .&#34;, generat.Generator.expand_conditional, cond)




if __name__ == &#39;__main__&#39;:
    unittest.main(buffer=True)</code></pre>
</details>
</section>
<section>
</section>
<section>
</section>
<section>
</section>
<section>
<h2 class="section-title" id="header-classes">Classes</h2>
<dl>
<dt id="tests.test_generator.TestExpandAbducible"><code class="flex name class">
<span>class <span class="ident">TestExpandAbducible</span></span>
<span>(</span><span>methodName='runTest')</span>
</code></dt>
<dd>
<div class="desc"><p>A class whose instances are single test cases.</p>
<p>By default, the test code itself should be placed in a method named
'runTest'.</p>
<p>If the fixture may be used for many test cases, create as
many test methods as are needed. When instantiating such a TestCase
subclass, specify in the constructor arguments the name of the test method
that the instance is to execute.</p>
<p>Test authors should subclass TestCase for their own tests. Construction
and deconstruction of the test's environment ('fixture') can be
implemented by overriding the 'setUp' and 'tearDown' methods respectively.</p>
<p>If it is necessary to override the <strong>init</strong> method, the base class
<strong>init</strong> method must always be called. It is important that subclasses
should not change the signature of their <strong>init</strong> method, since instances
of the classes are instantiated automatically by parts of the framework
in order to be run.</p>
<p>When subclassing TestCase, you can set these attributes:
* failureException: determines which exception will be raised when
the instance's assertion methods fail; test methods raising this
exception will be deemed to have 'failed' rather than 'errored'.
* longMessage: determines whether long messages (including repr of
objects used in assert methods) will be printed on failure in <em>addition</em>
to any explicit message passed.
* maxDiff: sets the maximum length of a diff in failure messages
by assert methods using difflib. It is looked up as an instance
attribute so can be configured by individual tests if required.</p>
<p>Create an instance of the class that will use the named test
method when executed. Raises a ValueError if the instance does
not have a method with the specified name.</p></div>
<details class="source">
<summary>
<span>Expand source code</span>
</summary>
<pre><code class="python">class TestExpandAbducible(unittest.TestCase):
    def test_correct(self):
        pass</code></pre>
</details>
<h3>Ancestors</h3>
<ul class="hlist">
<li>unittest.case.TestCase</li>
</ul>
<h3>Methods</h3>
<dl>
<dt id="tests.test_generator.TestExpandAbducible.test_correct"><code class="name flex">
<span>def <span class="ident">test_correct</span></span>(<span>self)</span>
</code></dt>
<dd>
<div class="desc"></div>
<details class="source">
<summary>
<span>Expand source code</span>
</summary>
<pre><code class="python">def test_correct(self):
    pass</code></pre>
</details>
</dd>
</dl>
</dd>
<dt id="tests.test_generator.TestExpandConditional"><code class="flex name class">
<span>class <span class="ident">TestExpandConditional</span></span>
<span>(</span><span>methodName='runTest')</span>
</code></dt>
<dd>
<div class="desc"><p>A class whose instances are single test cases.</p>
<p>By default, the test code itself should be placed in a method named
'runTest'.</p>
<p>If the fixture may be used for many test cases, create as
many test methods as are needed. When instantiating such a TestCase
subclass, specify in the constructor arguments the name of the test method
that the instance is to execute.</p>
<p>Test authors should subclass TestCase for their own tests. Construction
and deconstruction of the test's environment ('fixture') can be
implemented by overriding the 'setUp' and 'tearDown' methods respectively.</p>
<p>If it is necessary to override the <strong>init</strong> method, the base class
<strong>init</strong> method must always be called. It is important that subclasses
should not change the signature of their <strong>init</strong> method, since instances
of the classes are instantiated automatically by parts of the framework
in order to be run.</p>
<p>When subclassing TestCase, you can set these attributes:
* failureException: determines which exception will be raised when
the instance's assertion methods fail; test methods raising this
exception will be deemed to have 'failed' rather than 'errored'.
* longMessage: determines whether long messages (including repr of
objects used in assert methods) will be printed on failure in <em>addition</em>
to any explicit message passed.
* maxDiff: sets the maximum length of a diff in failure messages
by assert methods using difflib. It is looked up as an instance
attribute so can be configured by individual tests if required.</p>
<p>Create an instance of the class that will use the named test
method when executed. Raises a ValueError if the instance does
not have a method with the specified name.</p></div>
<details class="source">
<summary>
<span>Expand source code</span>
</summary>
<pre><code class="python">class TestExpandConditional(unittest.TestCase):
    def test_correct_1(self):
        res = generat.Generator.expand_conditional(
            &#34;(f(X)|h(X))[0.2,1].&#34;)

        self.assertEqual(res[1],&#39;&#39;,&#34;Not empty lower&#34;)

        del res[1]

        res[0] = res[0].replace(&#39; &#39;,&#39;&#39;)
        res[1] = res[1].replace(&#39; &#39;,&#39;&#39;)

        e0 = &#34;f(X);not_f(X):-h(X).&#34;
        e1 = &#34;:-#count{X:f(X)}=H,#count{X:f(X),h(X)}=FH,100*FH&lt;20*H.&#34;

        self.assertCountEqual(res, [e0,e1], &#34;Error&#34;)

    # def test_correct_2(self):
    #     res = generat.Generator.expand_conditional(&#34;(f2(X, Y )|h(Y )r(X, Y ))[0.9,1].&#34;)
    #     expected = [&#34;f2(X,Y) ; not_f2(X,Y) :- h(Y), r(X,Y).&#34;,&#34;:- #count{X:h(X),r(X,_)} = H, #count{Y,X:f2(X,Y),h(Y),r(X,Y)} = FH,10*FH &lt; 9*H.&#34;]

    #     self.assertCountEqual(res, expected, &#34;Error&#34;)

    def test_missing_pipe(self):
        cond = &#34;(f(X) h(X))[0.2,1].&#34;
        cond_escaped = cond.replace(&#39;(&#39;, &#39;\(&#39;).replace(&#39;)&#39;, &#39;\)&#39;).replace(&#39;[&#39;,&#39;\[&#39;).replace(&#39;]&#39;,&#39;\]&#39;)

        self.assertRaisesRegex(
            SystemExit, &#34;Syntax error in conditional: &#34; + cond_escaped, generat.Generator.expand_conditional, cond)

    def test_missing_par(self):
        cond = &#34;(f(X) | h(X)[0.2,1].&#34;
        cond_escaped = cond.replace(&#39;(&#39;, &#39;\(&#39;).replace(&#39;)&#39;, &#39;\)&#39;).replace(
            &#39;[&#39;, &#39;\[&#39;).replace(&#39;]&#39;, &#39;\]&#39;)


        self.assertRaisesRegex(
            SystemExit, &#34;Syntax error in conditional: &#34; + cond_escaped, generat.Generator.expand_conditional, cond)

    def test_missing_range(self):
        cond = &#34;(f(X) | h(X)).&#34;
        cond_escaped = cond.replace(&#39;(&#39;, &#39;\(&#39;).replace(&#39;)&#39;, &#39;\)&#39;).replace(
            &#39;[&#39;, &#39;\[&#39;).replace(&#39;]&#39;, &#39;\]&#39;)


        self.assertRaisesRegex(
            SystemExit, &#34;Missing range in conditional: &#34; + cond_escaped, generat.Generator.expand_conditional, cond)

    def test_unbalanced_range(self):
        cond = &#34;(f(X) | h(X))[0].&#34;
        cond_escaped = cond.replace(&#39;(&#39;, &#39;\(&#39;).replace(&#39;)&#39;, &#39;\)&#39;).replace(
            &#39;[&#39;, &#39;\[&#39;).replace(&#39;]&#39;, &#39;\]&#39;)

        self.assertRaisesRegex(
            SystemExit, &#34;Unbalanced range in conditional: &#34; + cond_escaped, generat.Generator.expand_conditional, cond)

    def test_missing_final_dot(self):
        cond = &#34;(f(X) | h(X))[0]&#34;

        self.assertRaisesRegex(
            SystemExit, &#34;Missing final .&#34;, generat.Generator.expand_conditional, cond)</code></pre>
</details>
<h3>Ancestors</h3>
<ul class="hlist">
<li>unittest.case.TestCase</li>
</ul>
<h3>Methods</h3>
<dl>
<dt id="tests.test_generator.TestExpandConditional.test_correct_1"><code class="name flex">
<span>def <span class="ident">test_correct_1</span></span>(<span>self)</span>
</code></dt>
<dd>
<div class="desc"></div>
<details class="source">
<summary>
<span>Expand source code</span>
</summary>
<pre><code class="python">def test_correct_1(self):
    res = generat.Generator.expand_conditional(
        &#34;(f(X)|h(X))[0.2,1].&#34;)

    self.assertEqual(res[1],&#39;&#39;,&#34;Not empty lower&#34;)

    del res[1]

    res[0] = res[0].replace(&#39; &#39;,&#39;&#39;)
    res[1] = res[1].replace(&#39; &#39;,&#39;&#39;)

    e0 = &#34;f(X);not_f(X):-h(X).&#34;
    e1 = &#34;:-#count{X:f(X)}=H,#count{X:f(X),h(X)}=FH,100*FH&lt;20*H.&#34;

    self.assertCountEqual(res, [e0,e1], &#34;Error&#34;)</code></pre>
</details>
</dd>
<dt id="tests.test_generator.TestExpandConditional.test_missing_final_dot"><code class="name flex">
<span>def <span class="ident">test_missing_final_dot</span></span>(<span>self)</span>
</code></dt>
<dd>
<div class="desc"></div>
<details class="source">
<summary>
<span>Expand source code</span>
</summary>
<pre><code class="python">def test_missing_final_dot(self):
    cond = &#34;(f(X) | h(X))[0]&#34;

    self.assertRaisesRegex(
        SystemExit, &#34;Missing final .&#34;, generat.Generator.expand_conditional, cond)</code></pre>
</details>
</dd>
<dt id="tests.test_generator.TestExpandConditional.test_missing_par"><code class="name flex">
<span>def <span class="ident">test_missing_par</span></span>(<span>self)</span>
</code></dt>
<dd>
<div class="desc"></div>
<details class="source">
<summary>
<span>Expand source code</span>
</summary>
<pre><code class="python">def test_missing_par(self):
    cond = &#34;(f(X) | h(X)[0.2,1].&#34;
    cond_escaped = cond.replace(&#39;(&#39;, &#39;\(&#39;).replace(&#39;)&#39;, &#39;\)&#39;).replace(
        &#39;[&#39;, &#39;\[&#39;).replace(&#39;]&#39;, &#39;\]&#39;)


    self.assertRaisesRegex(
        SystemExit, &#34;Syntax error in conditional: &#34; + cond_escaped, generat.Generator.expand_conditional, cond)</code></pre>
</details>
</dd>
<dt id="tests.test_generator.TestExpandConditional.test_missing_pipe"><code class="name flex">
<span>def <span class="ident">test_missing_pipe</span></span>(<span>self)</span>
</code></dt>
<dd>
<div class="desc"></div>
<details class="source">
<summary>
<span>Expand source code</span>
</summary>
<pre><code class="python">def test_missing_pipe(self):
    cond = &#34;(f(X) h(X))[0.2,1].&#34;
    cond_escaped = cond.replace(&#39;(&#39;, &#39;\(&#39;).replace(&#39;)&#39;, &#39;\)&#39;).replace(&#39;[&#39;,&#39;\[&#39;).replace(&#39;]&#39;,&#39;\]&#39;)

    self.assertRaisesRegex(
        SystemExit, &#34;Syntax error in conditional: &#34; + cond_escaped, generat.Generator.expand_conditional, cond)</code></pre>
</details>
</dd>
<dt id="tests.test_generator.TestExpandConditional.test_missing_range"><code class="name flex">
<span>def <span class="ident">test_missing_range</span></span>(<span>self)</span>
</code></dt>
<dd>
<div class="desc"></div>
<details class="source">
<summary>
<span>Expand source code</span>
</summary>
<pre><code class="python">def test_missing_range(self):
    cond = &#34;(f(X) | h(X)).&#34;
    cond_escaped = cond.replace(&#39;(&#39;, &#39;\(&#39;).replace(&#39;)&#39;, &#39;\)&#39;).replace(
        &#39;[&#39;, &#39;\[&#39;).replace(&#39;]&#39;, &#39;\]&#39;)


    self.assertRaisesRegex(
        SystemExit, &#34;Missing range in conditional: &#34; + cond_escaped, generat.Generator.expand_conditional, cond)</code></pre>
</details>
</dd>
<dt id="tests.test_generator.TestExpandConditional.test_unbalanced_range"><code class="name flex">
<span>def <span class="ident">test_unbalanced_range</span></span>(<span>self)</span>
</code></dt>
<dd>
<div class="desc"></div>
<details class="source">
<summary>
<span>Expand source code</span>
</summary>
<pre><code class="python">def test_unbalanced_range(self):
    cond = &#34;(f(X) | h(X))[0].&#34;
    cond_escaped = cond.replace(&#39;(&#39;, &#39;\(&#39;).replace(&#39;)&#39;, &#39;\)&#39;).replace(
        &#39;[&#39;, &#39;\[&#39;).replace(&#39;]&#39;, &#39;\]&#39;)

    self.assertRaisesRegex(
        SystemExit, &#34;Unbalanced range in conditional: &#34; + cond_escaped, generat.Generator.expand_conditional, cond)</code></pre>
</details>
</dd>
</dl>
</dd>
<dt id="tests.test_generator.TestExtractVars"><code class="flex name class">
<span>class <span class="ident">TestExtractVars</span></span>
<span>(</span><span>methodName='runTest')</span>
</code></dt>
<dd>
<div class="desc"><p>A class whose instances are single test cases.</p>
<p>By default, the test code itself should be placed in a method named
'runTest'.</p>
<p>If the fixture may be used for many test cases, create as
many test methods as are needed. When instantiating such a TestCase
subclass, specify in the constructor arguments the name of the test method
that the instance is to execute.</p>
<p>Test authors should subclass TestCase for their own tests. Construction
and deconstruction of the test's environment ('fixture') can be
implemented by overriding the 'setUp' and 'tearDown' methods respectively.</p>
<p>If it is necessary to override the <strong>init</strong> method, the base class
<strong>init</strong> method must always be called. It is important that subclasses
should not change the signature of their <strong>init</strong> method, since instances
of the classes are instantiated automatically by parts of the framework
in order to be run.</p>
<p>When subclassing TestCase, you can set these attributes:
* failureException: determines which exception will be raised when
the instance's assertion methods fail; test methods raising this
exception will be deemed to have 'failed' rather than 'errored'.
* longMessage: determines whether long messages (including repr of
objects used in assert methods) will be printed on failure in <em>addition</em>
to any explicit message passed.
* maxDiff: sets the maximum length of a diff in failure messages
by assert methods using difflib. It is looked up as an instance
attribute so can be configured by individual tests if required.</p>
<p>Create an instance of the class that will use the named test
method when executed. Raises a ValueError if the instance does
not have a method with the specified name.</p></div>
<details class="source">
<summary>
<span>Expand source code</span>
</summary>
<pre><code class="python">class TestExtractVars(unittest.TestCase):
    def test_correct(self):
        self.assertCountEqual([&#34;B&#34;,&#34;C&#34;], generat.Generator.extract_vars(&#34;f(a,B,C)&#34;), &#34;Error&#34;)</code></pre>
</details>
<h3>Ancestors</h3>
<ul class="hlist">
<li>unittest.case.TestCase</li>
</ul>
<h3>Methods</h3>
<dl>
<dt id="tests.test_generator.TestExtractVars.test_correct"><code class="name flex">
<span>def <span class="ident">test_correct</span></span>(<span>self)</span>
</code></dt>
<dd>
<div class="desc"></div>
<details class="source">
<summary>
<span>Expand source code</span>
</summary>
<pre><code class="python">def test_correct(self):
    self.assertCountEqual([&#34;B&#34;,&#34;C&#34;], generat.Generator.extract_vars(&#34;f(a,B,C)&#34;), &#34;Error&#34;)</code></pre>
</details>
</dd>
</dl>
</dd>
</dl>
</section>
</article>
<nav id="sidebar">
<h1>Index</h1>
<div class="toc">
<ul></ul>
</div>
<ul id="index">
<li><h3>Super-module</h3>
<ul>
<li><code><a title="tests" href="index.html">tests</a></code></li>
</ul>
</li>
<li><h3><a href="#header-classes">Classes</a></h3>
<ul>
<li>
<h4><code><a title="tests.test_generator.TestExpandAbducible" href="#tests.test_generator.TestExpandAbducible">TestExpandAbducible</a></code></h4>
<ul class="">
<li><code><a title="tests.test_generator.TestExpandAbducible.test_correct" href="#tests.test_generator.TestExpandAbducible.test_correct">test_correct</a></code></li>
</ul>
</li>
<li>
<h4><code><a title="tests.test_generator.TestExpandConditional" href="#tests.test_generator.TestExpandConditional">TestExpandConditional</a></code></h4>
<ul class="">
<li><code><a title="tests.test_generator.TestExpandConditional.test_correct_1" href="#tests.test_generator.TestExpandConditional.test_correct_1">test_correct_1</a></code></li>
<li><code><a title="tests.test_generator.TestExpandConditional.test_missing_final_dot" href="#tests.test_generator.TestExpandConditional.test_missing_final_dot">test_missing_final_dot</a></code></li>
<li><code><a title="tests.test_generator.TestExpandConditional.test_missing_par" href="#tests.test_generator.TestExpandConditional.test_missing_par">test_missing_par</a></code></li>
<li><code><a title="tests.test_generator.TestExpandConditional.test_missing_pipe" href="#tests.test_generator.TestExpandConditional.test_missing_pipe">test_missing_pipe</a></code></li>
<li><code><a title="tests.test_generator.TestExpandConditional.test_missing_range" href="#tests.test_generator.TestExpandConditional.test_missing_range">test_missing_range</a></code></li>
<li><code><a title="tests.test_generator.TestExpandConditional.test_unbalanced_range" href="#tests.test_generator.TestExpandConditional.test_unbalanced_range">test_unbalanced_range</a></code></li>
</ul>
</li>
<li>
<h4><code><a title="tests.test_generator.TestExtractVars" href="#tests.test_generator.TestExtractVars">TestExtractVars</a></code></h4>
<ul class="">
<li><code><a title="tests.test_generator.TestExtractVars.test_correct" href="#tests.test_generator.TestExtractVars.test_correct">test_correct</a></code></li>
</ul>
</li>
</ul>
</li>
</ul>
</nav>
</main>
<footer id="footer">
<p>Generated by <a href="https://pdoc3.github.io/pdoc" title="pdoc: Python API documentation generator"><cite>pdoc</cite> 0.10.0</a>.</p>
</footer>
</body>
</html>